{"N:\\noa\\sys\\ui\\src\\components\\settings\\CLISettings.tsx": {"path":"N:\\noa\\sys\\ui\\src\\components\\settings\\CLISettings.tsx","statementMap":{"0":{"start":{"line":3,"column":24},"end":{"line":3,"column":null}}},"fnMap":{"0":{"name":"CLISettings","decl":{"start":{"line":3,"column":24},"end":{"line":3,"column":null}},"loc":{"start":{"line":3,"column":24},"end":{"line":32,"column":null}}}},"branchMap":{},"s":{"0":0},"f":{"0":0},"b":{}}
,"N:\\noa\\sys\\ui\\src\\components\\settings\\IDESettings.tsx": {"path":"N:\\noa\\sys\\ui\\src\\components\\settings\\IDESettings.tsx","statementMap":{"0":{"start":{"line":3,"column":24},"end":{"line":3,"column":null}}},"fnMap":{"0":{"name":"IDESettings","decl":{"start":{"line":3,"column":24},"end":{"line":3,"column":null}},"loc":{"start":{"line":3,"column":24},"end":{"line":32,"column":null}}}},"branchMap":{},"s":{"0":0},"f":{"0":0},"b":{}}
,"N:\\noa\\sys\\ui\\src\\lib\\api.ts": {"path":"N:\\noa\\sys\\ui\\src\\lib\\api.ts","statementMap":{"0":{"start":{"line":16,"column":13},"end":{"line":16,"column":null}},"1":{"start":{"line":152,"column":13},"end":{"line":152,"column":25}},"2":{"start":{"line":8,"column":21},"end":{"line":8,"column":null}},"3":{"start":{"line":20,"column":4},"end":{"line":20,"column":null}},"4":{"start":{"line":27,"column":16},"end":{"line":27,"column":44}},"5":{"start":{"line":29,"column":21},"end":{"line":35,"column":null}},"6":{"start":{"line":37,"column":4},"end":{"line":42,"column":null}},"7":{"start":{"line":38,"column":30},"end":{"line":40,"column":null}},"8":{"start":{"line":38,"column":65},"end":{"line":40,"column":null}},"9":{"start":{"line":41,"column":6},"end":{"line":41,"column":null}},"10":{"start":{"line":44,"column":4},"end":{"line":44,"column":null}},"11":{"start":{"line":49,"column":4},"end":{"line":49,"column":null}},"12":{"start":{"line":53,"column":4},"end":{"line":62,"column":null}},"13":{"start":{"line":67,"column":4},"end":{"line":73,"column":null}},"14":{"start":{"line":77,"column":4},"end":{"line":83,"column":null}},"15":{"start":{"line":88,"column":4},"end":{"line":93,"column":null}},"16":{"start":{"line":98,"column":4},"end":{"line":103,"column":null}},"17":{"start":{"line":108,"column":4},"end":{"line":113,"column":null}},"18":{"start":{"line":118,"column":4},"end":{"line":123,"column":null}},"19":{"start":{"line":128,"column":4},"end":{"line":128,"column":null}},"20":{"start":{"line":132,"column":4},"end":{"line":135,"column":null}},"21":{"start":{"line":140,"column":19},"end":{"line":140,"column":null}},"22":{"start":{"line":141,"column":4},"end":{"line":147,"column":null}},"23":{"start":{"line":152,"column":25},"end":{"line":152,"column":null}}},"fnMap":{"0":{"name":"(anonymous_3)","decl":{"start":{"line":19,"column":2},"end":{"line":19,"column":14}},"loc":{"start":{"line":19,"column":46},"end":{"line":21,"column":null}}},"1":{"name":"(anonymous_4)","decl":{"start":{"line":23,"column":2},"end":{"line":23,"column":16}},"loc":{"start":{"line":26,"column":16},"end":{"line":45,"column":null}}},"2":{"name":"(anonymous_5)","decl":{"start":{"line":38,"column":58},"end":{"line":38,"column":65}},"loc":{"start":{"line":38,"column":65},"end":{"line":40,"column":null}}},"3":{"name":"(anonymous_6)","decl":{"start":{"line":48,"column":2},"end":{"line":48,"column":8}},"loc":{"start":{"line":48,"column":20},"end":{"line":50,"column":null}}},"4":{"name":"(anonymous_7)","decl":{"start":{"line":52,"column":2},"end":{"line":52,"column":8}},"loc":{"start":{"line":52,"column":20},"end":{"line":63,"column":null}}},"5":{"name":"(anonymous_8)","decl":{"start":{"line":66,"column":2},"end":{"line":66,"column":8}},"loc":{"start":{"line":66,"column":19},"end":{"line":74,"column":null}}},"6":{"name":"(anonymous_9)","decl":{"start":{"line":76,"column":2},"end":{"line":76,"column":8}},"loc":{"start":{"line":76,"column":69},"end":{"line":84,"column":null}}},"7":{"name":"(anonymous_10)","decl":{"start":{"line":87,"column":2},"end":{"line":87,"column":8}},"loc":{"start":{"line":87,"column":18},"end":{"line":94,"column":null}}},"8":{"name":"(anonymous_11)","decl":{"start":{"line":97,"column":2},"end":{"line":97,"column":8}},"loc":{"start":{"line":97,"column":22},"end":{"line":104,"column":null}}},"9":{"name":"(anonymous_12)","decl":{"start":{"line":107,"column":2},"end":{"line":107,"column":8}},"loc":{"start":{"line":107,"column":23},"end":{"line":114,"column":null}}},"10":{"name":"(anonymous_13)","decl":{"start":{"line":117,"column":2},"end":{"line":117,"column":8}},"loc":{"start":{"line":117,"column":20},"end":{"line":124,"column":null}}},"11":{"name":"(anonymous_14)","decl":{"start":{"line":127,"column":2},"end":{"line":127,"column":8}},"loc":{"start":{"line":127,"column":22},"end":{"line":129,"column":null}}},"12":{"name":"(anonymous_15)","decl":{"start":{"line":131,"column":2},"end":{"line":131,"column":8}},"loc":{"start":{"line":131,"column":58},"end":{"line":136,"column":null}}},"13":{"name":"(anonymous_16)","decl":{"start":{"line":139,"column":2},"end":{"line":139,"column":8}},"loc":{"start":{"line":139,"column":39},"end":{"line":148,"column":null}}}},"branchMap":{"0":{"loc":{"start":{"line":8,"column":21},"end":{"line":8,"column":null}},"type":"binary-expr","locations":[{"start":{"line":8,"column":21},"end":{"line":8,"column":52}},{"start":{"line":8,"column":56},"end":{"line":8,"column":null}}]},"1":{"loc":{"start":{"line":19,"column":14},"end":{"line":19,"column":44}},"type":"default-arg","locations":[{"start":{"line":19,"column":32},"end":{"line":19,"column":44}}]},"2":{"loc":{"start":{"line":25,"column":4},"end":{"line":25,"column":29}},"type":"default-arg","locations":[{"start":{"line":25,"column":27},"end":{"line":25,"column":29}}]},"3":{"loc":{"start":{"line":37,"column":4},"end":{"line":42,"column":null}},"type":"if","locations":[{"start":{"line":37,"column":4},"end":{"line":42,"column":null}},{"start":{},"end":{}}]},"4":{"loc":{"start":{"line":140,"column":19},"end":{"line":140,"column":null}},"type":"cond-expr","locations":[{"start":{"line":140,"column":27},"end":{"line":140,"column":44}},{"start":{"line":140,"column":47},"end":{"line":140,"column":null}}]}},"s":{"0":4,"1":7,"2":1,"3":3,"4":7,"5":7,"6":6,"7":2,"8":0,"9":2,"10":4,"11":4,"12":1,"13":1,"14":1,"15":0,"16":0,"17":0,"18":0,"19":0,"20":0,"21":0,"22":0,"23":1},"f":{"0":3,"1":7,"2":0,"3":4,"4":1,"5":1,"6":1,"7":0,"8":0,"9":0,"10":0,"11":0,"12":0,"13":0},"b":{"0":[1,1],"1":[2],"2":[6],"3":[2,4],"4":[0,0]}}
,"N:\\noa\\sys\\ui\\src\\services\\contextDetector.ts": {"path":"N:\\noa\\sys\\ui\\src\\services\\contextDetector.ts","statementMap":{"0":{"start":{"line":40,"column":13},"end":{"line":40,"column":null}},"1":{"start":{"line":197,"column":13},"end":{"line":197,"column":31}},"2":{"start":{"line":53,"column":35},"end":{"line":53,"column":null}},"3":{"start":{"line":54,"column":21},"end":{"line":54,"column":null}},"4":{"start":{"line":57,"column":4},"end":{"line":72,"column":null}},"5":{"start":{"line":58,"column":6},"end":{"line":58,"column":null}},"6":{"start":{"line":59,"column":6},"end":{"line":59,"column":null}},"7":{"start":{"line":60,"column":11},"end":{"line":72,"column":null}},"8":{"start":{"line":61,"column":6},"end":{"line":61,"column":null}},"9":{"start":{"line":62,"column":6},"end":{"line":62,"column":null}},"10":{"start":{"line":63,"column":11},"end":{"line":72,"column":null}},"11":{"start":{"line":64,"column":6},"end":{"line":64,"column":null}},"12":{"start":{"line":65,"column":6},"end":{"line":65,"column":null}},"13":{"start":{"line":66,"column":11},"end":{"line":72,"column":null}},"14":{"start":{"line":67,"column":6},"end":{"line":67,"column":null}},"15":{"start":{"line":68,"column":6},"end":{"line":68,"column":null}},"16":{"start":{"line":69,"column":11},"end":{"line":72,"column":null}},"17":{"start":{"line":70,"column":6},"end":{"line":70,"column":null}},"18":{"start":{"line":71,"column":6},"end":{"line":71,"column":null}},"19":{"start":{"line":75,"column":4},"end":{"line":94,"column":null}},"20":{"start":{"line":76,"column":29},"end":{"line":76,"column":null}},"21":{"start":{"line":77,"column":30},"end":{"line":77,"column":null}},"22":{"start":{"line":78,"column":31},"end":{"line":78,"column":null}},"23":{"start":{"line":80,"column":32},"end":{"line":80,"column":null}},"24":{"start":{"line":80,"column":60},"end":{"line":80,"column":null}},"25":{"start":{"line":81,"column":33},"end":{"line":81,"column":null}},"26":{"start":{"line":81,"column":61},"end":{"line":81,"column":null}},"27":{"start":{"line":82,"column":34},"end":{"line":82,"column":null}},"28":{"start":{"line":82,"column":62},"end":{"line":82,"column":null}},"29":{"start":{"line":84,"column":6},"end":{"line":93,"column":null}},"30":{"start":{"line":85,"column":8},"end":{"line":85,"column":null}},"31":{"start":{"line":86,"column":8},"end":{"line":86,"column":null}},"32":{"start":{"line":87,"column":13},"end":{"line":93,"column":null}},"33":{"start":{"line":88,"column":8},"end":{"line":88,"column":null}},"34":{"start":{"line":89,"column":8},"end":{"line":89,"column":null}},"35":{"start":{"line":90,"column":13},"end":{"line":93,"column":null}},"36":{"start":{"line":91,"column":8},"end":{"line":91,"column":null}},"37":{"start":{"line":92,"column":8},"end":{"line":92,"column":null}},"38":{"start":{"line":96,"column":29},"end":{"line":100,"column":null}},"39":{"start":{"line":102,"column":4},"end":{"line":102,"column":null}},"40":{"start":{"line":103,"column":4},"end":{"line":103,"column":null}},"41":{"start":{"line":106,"column":4},"end":{"line":108,"column":null}},"42":{"start":{"line":107,"column":6},"end":{"line":107,"column":null}},"43":{"start":{"line":110,"column":4},"end":{"line":110,"column":null}},"44":{"start":{"line":117,"column":4},"end":{"line":117,"column":null}},"45":{"start":{"line":124,"column":4},"end":{"line":124,"column":null}},"46":{"start":{"line":131,"column":37},"end":{"line":131,"column":39}},"47":{"start":{"line":132,"column":42},"end":{"line":132,"column":44}},"48":{"start":{"line":134,"column":4},"end":{"line":178,"column":null}},"49":{"start":{"line":136,"column":8},"end":{"line":136,"column":null}},"50":{"start":{"line":137,"column":8},"end":{"line":140,"column":null}},"51":{"start":{"line":142,"column":8},"end":{"line":142,"column":null}},"52":{"start":{"line":145,"column":8},"end":{"line":145,"column":null}},"53":{"start":{"line":146,"column":8},"end":{"line":148,"column":null}},"54":{"start":{"line":150,"column":8},"end":{"line":150,"column":null}},"55":{"start":{"line":153,"column":8},"end":{"line":153,"column":null}},"56":{"start":{"line":154,"column":8},"end":{"line":156,"column":null}},"57":{"start":{"line":158,"column":8},"end":{"line":158,"column":null}},"58":{"start":{"line":161,"column":8},"end":{"line":161,"column":null}},"59":{"start":{"line":162,"column":8},"end":{"line":163,"column":null}},"60":{"start":{"line":165,"column":8},"end":{"line":165,"column":null}},"61":{"start":{"line":168,"column":8},"end":{"line":168,"column":null}},"62":{"start":{"line":169,"column":8},"end":{"line":171,"column":null}},"63":{"start":{"line":173,"column":8},"end":{"line":173,"column":null}},"64":{"start":{"line":177,"column":8},"end":{"line":177,"column":null}},"65":{"start":{"line":180,"column":4},"end":{"line":184,"column":null}},"66":{"start":{"line":191,"column":4},"end":{"line":191,"column":null}},"67":{"start":{"line":192,"column":4},"end":{"line":192,"column":null}},"68":{"start":{"line":41,"column":10},"end":{"line":41,"column":null}},"69":{"start":{"line":42,"column":10},"end":{"line":42,"column":null}},"70":{"start":{"line":197,"column":31},"end":{"line":197,"column":null}}},"fnMap":{"0":{"name":"(anonymous_3)","decl":{"start":{"line":47,"column":2},"end":{"line":47,"column":16}},"loc":{"start":{"line":52,"column":14},"end":{"line":111,"column":null}}},"1":{"name":"(anonymous_4)","decl":{"start":{"line":80,"column":55},"end":{"line":80,"column":60}},"loc":{"start":{"line":80,"column":60},"end":{"line":80,"column":null}}},"2":{"name":"(anonymous_5)","decl":{"start":{"line":81,"column":56},"end":{"line":81,"column":61}},"loc":{"start":{"line":81,"column":61},"end":{"line":81,"column":null}}},"3":{"name":"(anonymous_6)","decl":{"start":{"line":82,"column":57},"end":{"line":82,"column":62}},"loc":{"start":{"line":82,"column":62},"end":{"line":82,"column":null}}},"4":{"name":"(anonymous_7)","decl":{"start":{"line":116,"column":2},"end":{"line":116,"column":38}},"loc":{"start":{"line":116,"column":38},"end":{"line":118,"column":null}}},"5":{"name":"(anonymous_8)","decl":{"start":{"line":123,"column":2},"end":{"line":123,"column":26}},"loc":{"start":{"line":123,"column":26},"end":{"line":125,"column":null}}},"6":{"name":"(anonymous_9)","decl":{"start":{"line":130,"column":2},"end":{"line":130,"column":18}},"loc":{"start":{"line":130,"column":51},"end":{"line":185,"column":null}}},"7":{"name":"(anonymous_10)","decl":{"start":{"line":190,"column":2},"end":{"line":190,"column":16}},"loc":{"start":{"line":190,"column":16},"end":{"line":193,"column":null}}}},"branchMap":{"0":{"loc":{"start":{"line":57,"column":4},"end":{"line":72,"column":null}},"type":"if","locations":[{"start":{"line":57,"column":4},"end":{"line":72,"column":null}},{"start":{"line":60,"column":11},"end":{"line":72,"column":null}}]},"1":{"loc":{"start":{"line":57,"column":8},"end":{"line":57,"column":129}},"type":"binary-expr","locations":[{"start":{"line":57,"column":8},"end":{"line":57,"column":42}},{"start":{"line":57,"column":42},"end":{"line":57,"column":76}},{"start":{"line":57,"column":76},"end":{"line":57,"column":129}}]},"2":{"loc":{"start":{"line":60,"column":11},"end":{"line":72,"column":null}},"type":"if","locations":[{"start":{"line":60,"column":11},"end":{"line":72,"column":null}},{"start":{"line":63,"column":11},"end":{"line":72,"column":null}}]},"3":{"loc":{"start":{"line":60,"column":15},"end":{"line":60,"column":84}},"type":"binary-expr","locations":[{"start":{"line":60,"column":15},"end":{"line":60,"column":49}},{"start":{"line":60,"column":49},"end":{"line":60,"column":84}}]},"4":{"loc":{"start":{"line":63,"column":11},"end":{"line":72,"column":null}},"type":"if","locations":[{"start":{"line":63,"column":11},"end":{"line":72,"column":null}},{"start":{"line":66,"column":11},"end":{"line":72,"column":null}}]},"5":{"loc":{"start":{"line":63,"column":15},"end":{"line":63,"column":87}},"type":"binary-expr","locations":[{"start":{"line":63,"column":15},"end":{"line":63,"column":51}},{"start":{"line":63,"column":51},"end":{"line":63,"column":87}}]},"6":{"loc":{"start":{"line":66,"column":11},"end":{"line":72,"column":null}},"type":"if","locations":[{"start":{"line":66,"column":11},"end":{"line":72,"column":null}},{"start":{"line":69,"column":11},"end":{"line":72,"column":null}}]},"7":{"loc":{"start":{"line":66,"column":15},"end":{"line":66,"column":84}},"type":"binary-expr","locations":[{"start":{"line":66,"column":15},"end":{"line":66,"column":52}},{"start":{"line":66,"column":52},"end":{"line":66,"column":84}}]},"8":{"loc":{"start":{"line":69,"column":11},"end":{"line":72,"column":null}},"type":"if","locations":[{"start":{"line":69,"column":11},"end":{"line":72,"column":null}},{"start":{},"end":{}}]},"9":{"loc":{"start":{"line":69,"column":15},"end":{"line":69,"column":86}},"type":"binary-expr","locations":[{"start":{"line":69,"column":15},"end":{"line":69,"column":50}},{"start":{"line":69,"column":50},"end":{"line":69,"column":86}}]},"10":{"loc":{"start":{"line":75,"column":4},"end":{"line":94,"column":null}},"type":"if","locations":[{"start":{"line":75,"column":4},"end":{"line":94,"column":null}},{"start":{},"end":{}}]},"11":{"loc":{"start":{"line":84,"column":6},"end":{"line":93,"column":null}},"type":"if","locations":[{"start":{"line":84,"column":6},"end":{"line":93,"column":null}},{"start":{"line":87,"column":13},"end":{"line":93,"column":null}}]},"12":{"loc":{"start":{"line":87,"column":13},"end":{"line":93,"column":null}},"type":"if","locations":[{"start":{"line":87,"column":13},"end":{"line":93,"column":null}},{"start":{"line":90,"column":13},"end":{"line":93,"column":null}}]},"13":{"loc":{"start":{"line":90,"column":13},"end":{"line":93,"column":null}},"type":"if","locations":[{"start":{"line":90,"column":13},"end":{"line":93,"column":null}},{"start":{},"end":{}}]},"14":{"loc":{"start":{"line":106,"column":4},"end":{"line":108,"column":null}},"type":"if","locations":[{"start":{"line":106,"column":4},"end":{"line":108,"column":null}},{"start":{},"end":{}}]},"15":{"loc":{"start":{"line":134,"column":4},"end":{"line":178,"column":null}},"type":"switch","locations":[{"start":{"line":135,"column":6},"end":{"line":142,"column":null}},{"start":{"line":144,"column":6},"end":{"line":150,"column":null}},{"start":{"line":152,"column":6},"end":{"line":158,"column":null}},{"start":{"line":160,"column":6},"end":{"line":165,"column":null}},{"start":{"line":167,"column":6},"end":{"line":173,"column":null}},{"start":{"line":175,"column":6},"end":{"line":177,"column":null}}]}},"s":{"0":0,"1":170,"2":158,"3":158,"4":158,"5":3,"6":3,"7":155,"8":3,"9":3,"10":152,"11":1,"12":1,"13":151,"14":0,"15":0,"16":151,"17":0,"18":0,"19":158,"20":4,"21":4,"22":4,"23":4,"24":8,"25":4,"26":6,"27":4,"28":6,"29":4,"30":0,"31":0,"32":4,"33":3,"34":3,"35":1,"36":1,"37":1,"38":158,"39":158,"40":158,"41":158,"42":50,"43":158,"44":0,"45":2,"46":2,"47":2,"48":2,"49":1,"50":1,"51":1,"52":1,"53":1,"54":1,"55":0,"56":0,"57":0,"58":0,"59":0,"60":0,"61":0,"62":0,"63":0,"64":0,"65":2,"66":8,"67":8,"68":1,"69":1,"70":1},"f":{"0":158,"1":8,"2":6,"3":6,"4":0,"5":2,"6":2,"7":8},"b":{"0":[3,155],"1":[158,158,157],"2":[3,152],"3":[155,154],"4":[1,151],"5":[152,151],"6":[0,151],"7":[151,151],"8":[0,151],"9":[151,151],"10":[4,154],"11":[0,4],"12":[3,1],"13":[1,0],"14":[50,108],"15":[1,1,0,0,0,0]}}
}
