TN:
SF:src\components\settings\CLISettings.tsx
FN:3,CLISettings
FNF:1
FNH:0
FNDA:0,CLISettings
DA:3,0
LF:1
LH:0
BRF:0
BRH:0
end_of_record
TN:
SF:src\components\settings\IDESettings.tsx
FN:3,IDESettings
FNF:1
FNH:0
FNDA:0,IDESettings
DA:3,0
LF:1
LH:0
BRF:0
BRH:0
end_of_record
TN:
SF:src\lib\api.ts
FN:19,(anonymous_3)
FN:23,(anonymous_4)
FN:38,(anonymous_5)
FN:48,(anonymous_6)
FN:52,(anonymous_7)
FN:66,(anonymous_8)
FN:76,(anonymous_9)
FN:87,(anonymous_10)
FN:97,(anonymous_11)
FN:107,(anonymous_12)
FN:117,(anonymous_13)
FN:127,(anonymous_14)
FN:131,(anonymous_15)
FN:139,(anonymous_16)
FNF:14
FNH:6
FNDA:3,(anonymous_3)
FNDA:7,(anonymous_4)
FNDA:0,(anonymous_5)
FNDA:4,(anonymous_6)
FNDA:1,(anonymous_7)
FNDA:1,(anonymous_8)
FNDA:1,(anonymous_9)
FNDA:0,(anonymous_10)
FNDA:0,(anonymous_11)
FNDA:0,(anonymous_12)
FNDA:0,(anonymous_13)
FNDA:0,(anonymous_14)
FNDA:0,(anonymous_15)
FNDA:0,(anonymous_16)
DA:8,1
DA:16,4
DA:20,3
DA:27,7
DA:29,7
DA:37,6
DA:38,2
DA:41,2
DA:44,4
DA:49,4
DA:53,1
DA:67,1
DA:77,1
DA:88,0
DA:98,0
DA:108,0
DA:118,0
DA:128,0
DA:132,0
DA:140,0
DA:141,0
DA:152,7
LF:22
LH:14
BRDA:8,0,0,1
BRDA:8,0,1,1
BRDA:19,1,0,2
BRDA:25,2,0,6
BRDA:37,3,0,2
BRDA:37,3,1,4
BRDA:140,4,0,0
BRDA:140,4,1,0
BRF:8
BRH:6
end_of_record
TN:
SF:src\services\contextDetector.ts
FN:47,(anonymous_3)
FN:80,(anonymous_4)
FN:81,(anonymous_5)
FN:82,(anonymous_6)
FN:116,(anonymous_7)
FN:123,(anonymous_8)
FN:130,(anonymous_9)
FN:190,(anonymous_10)
FNF:8
FNH:7
FNDA:158,(anonymous_3)
FNDA:8,(anonymous_4)
FNDA:6,(anonymous_5)
FNDA:6,(anonymous_6)
FNDA:0,(anonymous_7)
FNDA:2,(anonymous_8)
FNDA:2,(anonymous_9)
FNDA:8,(anonymous_10)
DA:40,0
DA:41,1
DA:42,1
DA:53,158
DA:54,158
DA:57,158
DA:58,3
DA:59,3
DA:60,155
DA:61,3
DA:62,3
DA:63,152
DA:64,1
DA:65,1
DA:66,151
DA:67,0
DA:68,0
DA:69,151
DA:70,0
DA:71,0
DA:75,158
DA:76,4
DA:77,4
DA:78,4
DA:80,8
DA:81,6
DA:82,6
DA:84,4
DA:85,0
DA:86,0
DA:87,4
DA:88,3
DA:89,3
DA:90,1
DA:91,1
DA:92,1
DA:96,158
DA:102,158
DA:103,158
DA:106,158
DA:107,50
DA:110,158
DA:117,0
DA:124,2
DA:131,2
DA:132,2
DA:134,2
DA:136,1
DA:137,1
DA:142,1
DA:145,1
DA:146,1
DA:150,1
DA:153,0
DA:154,0
DA:158,0
DA:161,0
DA:162,0
DA:165,0
DA:168,0
DA:169,0
DA:173,0
DA:177,0
DA:180,2
DA:191,8
DA:192,8
DA:197,170
LF:67
LH:49
BRDA:57,0,0,3
BRDA:57,0,1,155
BRDA:57,1,0,158
BRDA:57,1,1,158
BRDA:57,1,2,157
BRDA:60,2,0,3
BRDA:60,2,1,152
BRDA:60,3,0,155
BRDA:60,3,1,154
BRDA:63,4,0,1
BRDA:63,4,1,151
BRDA:63,5,0,152
BRDA:63,5,1,151
BRDA:66,6,0,0
BRDA:66,6,1,151
BRDA:66,7,0,151
BRDA:66,7,1,151
BRDA:69,8,0,0
BRDA:69,8,1,151
BRDA:69,9,0,151
BRDA:69,9,1,151
BRDA:75,10,0,4
BRDA:75,10,1,154
BRDA:84,11,0,0
BRDA:84,11,1,4
BRDA:87,12,0,3
BRDA:87,12,1,1
BRDA:90,13,0,1
BRDA:90,13,1,0
BRDA:106,14,0,50
BRDA:106,14,1,108
BRDA:134,15,0,1
BRDA:134,15,1,1
BRDA:134,15,2,0
BRDA:134,15,3,0
BRDA:134,15,4,0
BRDA:134,15,5,0
BRF:37
BRH:29
end_of_record
